<?xml version="1.0" encoding="UTF-8"?>
<!-- Generated by org.testng.reporters.JUnitReportReporter -->
<testsuite hostname="DESKTOP-LAR61SF" failures="0" tests="2" name="Test.CH_TestPIMPage" time="23.107" errors="0" timestamp="2025-01-21T12:31:55 IST" skipped="0">
  <testcase classname="Test.CH_TestPIMPage" name="verifyLogin" time="1.869"/>
  <system-out/>
  <testcase classname="Test.CH_TestPIMPage" name="verifyPIMPage" time="21.238"/>
  <system-out/>
</testsuite> <!-- Test.CH_TestPIMPage -->
