<?xml version="1.0" encoding="UTF-8"?>
<!-- Generated by org.testng.reporters.JUnitReportReporter -->
<testsuite hostname="DESKTOP-LAR61SF" failures="0" tests="1" name="Test.CH_TestEmployeeList" time="12.309" errors="0" timestamp="2025-01-21T13:42:03 IST" skipped="0">
  <testcase classname="Test.CH_TestEmployeeList" name="viewEmpolyeeList" time="12.309"/>
  <system-out/>
</testsuite> <!-- Test.CH_TestEmployeeList -->
