<?xml version="1.0" encoding="UTF-8"?>
<!-- Generated by org.testng.reporters.JUnitReportReporter -->
<testsuite hostname="DESKTOP-LAR61SF" failures="0" tests="1" name="Test.TestLoginPage" time="0.031" errors="0" timestamp="2025-01-07T15:37:07 IST" skipped="0">
  <testcase classname="Test.TestLoginPage" name="verifyLogin" time="0.031"/>
  <system-out/>
</testsuite> <!-- Test.TestLoginPage -->
